[debug] > Exec(early(addDefaultCommands), None, None)
[debug] > Exec(addDefaultCommands, None, None)
[debug] > Exec(early(initialize), None, None)
[debug] > Exec(initialize, None, None)
[debug] > Exec(early(addPluginSbtFile="""C:\Users\sohai\AppData\Local\Temp\idea.sbt"""), None, None)
[debug] > Exec(addPluginSbtFile="""C:\Users\sohai\AppData\Local\Temp\idea.sbt""", None, None)
[debug] > Exec(boot, None, None)
[debug] > Exec(writeSbtVersion, None, None)
[debug] > Exec(reload, None, None)
[debug] > Exec(sbtStashOnFailure, None, None)
[debug] > Exec(onFailure loadFailed, None, None)
[debug] > Exec(loadp, None, None)
[info] welcome to sbt 1.8.2 (Oracle Corporation Java 21)
[debug]       Load.loadUnit: plugins took 72.8076ms
[debug]       Load.loadUnit: defsScala took 0.2411ms
[debug] [Loading] Scanning directory C:\Users\sohai\.sbt\1.0\plugins
[debug] [Loading] Found non-root projects 
[debug] [Loading] Done in C:\Users\sohai\.sbt\1.0\plugins, returning: ()
[debug] deducing auto plugins based on known facts Set(Atom(sbt.plugins.CorePlugin)) and clauses Clauses(Clause(Atom(sbt.plugins.JvmPlugin),Set(Atom(sbt.plugins.IvyPlugin)))
[debug] Clause(Atom(sbt.ScriptedPlugin),Set(Atom(sbt.plugins.JvmPlugin)))
[debug] Clause(Atom(sbt.plugins.SbtPlugin),Set(Atom(sbt.ScriptedPlugin)))
[debug] Clause(Atom(sbt.plugins.SemanticdbPlugin),Set(Atom(sbt.plugins.JvmPlugin)))
[debug] Clause(Atom(sbt.plugins.JUnitXmlReportPlugin),Set(Atom(sbt.plugins.JvmPlugin)))
[debug] Clause(Atom(sbt.plugins.MiniDependencyTreePlugin),Set(Atom(sbt.plugins.JvmPlugin)))
[debug] Clause(Atom(sbt.plugins.CorePlugin),Set(Atom(sbt.plugins.IvyPlugin)))
[debug] Clause(Atom(sbt.plugins.IvyPlugin),Set(Atom(sbt.plugins.JvmPlugin)))
[debug] Clause(Atom(sbt.plugins.JvmPlugin),Set(Atom(sbt.plugins.SemanticdbPlugin)))
[debug] Clause(Atom(sbt.plugins.JvmPlugin),Set(Atom(sbt.plugins.JUnitXmlReportPlugin)))
[debug] Clause(Atom(sbt.plugins.CorePlugin),Set(Atom(sbt.plugins.Giter8TemplatePlugin)))
[debug] Clause(Atom(sbt.plugins.JvmPlugin),Set(Atom(sbt.plugins.MiniDependencyTreePlugin))))
[debug]   :: deduced result: Matched(sbt.plugins.CorePlugin,sbt.plugins.Giter8TemplatePlugin,sbt.plugins.IvyPlugin,sbt.plugins.JvmPlugin,sbt.plugins.MiniDependencyTreePlugin,sbt.plugins.JUnitXmlReportPlugin,sbt.plugins.SemanticdbPlugin)
[debug] Plugins.deducer#function took 25.32 ms
[debug]           Load.resolveProject(global-plugins) took 63.5997ms
[debug]         Load.loadTransitive: finalizeProject(Project(id global-plugins, base: C:\Users\sohai\.sbt\1.0\plugins, plugins: List(<none>))) took 116.3901ms
[debug] [Loading] Done in C:\Users\sohai\.sbt\1.0\plugins, returning: (global-plugins)
[debug]       Load.loadUnit: loadedProjectsRaw took 141.2415ms
[debug]       Load.loadUnit: cleanEvalClasses took 0.2971ms
[debug]     Load.loadUnit(file:/C:/Users/sohai/.sbt/1.0/plugins/, ...) took 223.2459ms
[debug]   Load.apply: load took 482.8276ms
[debug]   Load.apply: resolveProjects took 10.0019ms
[debug]   Load.apply: finalTransforms took 75.296ms
[debug]   Load.apply: config.delegates took 10.2215ms
[debug]   Load.apply: Def.make(settings)... took 392.2333ms
[debug]   Load.apply: structureIndex took 85.2265ms
[debug]   Load.apply: mkStreams took 1.4006ms
[info] loading global plugins from C:\Users\sohai\.sbt\1.0\plugins
[debug] Running task... Cancel: Signal, check cycles: false, forcegc: true
[debug] Load.defaultLoad until apply took 4727.2449ms
[debug]           Load.loadUnit: plugins took 23.9552ms
[debug]           Load.loadUnit: defsScala took 0.0049ms
[debug] [Loading] Scanning directory D:\Scala\Scala-udm\project
[debug]             Load.loadUnit: mkEval took 4.7825ms
[error] java.lang.NoClassDefFoundError: Could not initialize class sbt.internal.parser.SbtParser$
[error] 	at sbt.internal.parser.SbtParser.splitExpressions(SbtParser.scala:247)
[error] 	at sbt.internal.parser.SbtParser.<init>(SbtParser.scala:236)
[error] 	at sbt.internal.EvaluateConfigurations$.splitExpressions(EvaluateConfigurations.scala:289)
[error] 	at sbt.internal.EvaluateConfigurations$.parseConfiguration(EvaluateConfigurations.scala:98)
[error] 	at sbt.internal.EvaluateConfigurations$.evaluateSbtFile(EvaluateConfigurations.scala:147)
[error] 	at sbt.internal.Load$.loadSettingsFile$1(Load.scala:1118)
[error] 	at sbt.internal.Load$.$anonfun$discoverProjects$2(Load.scala:1128)
[error] 	at scala.collection.MapLike.getOrElse(MapLike.scala:131)
[error] 	at scala.collection.MapLike.getOrElse$(MapLike.scala:129)
[error] 	at scala.collection.AbstractMap.getOrElse(Map.scala:65)
[error] 	at sbt.internal.Load$.memoLoadSettingsFile$1(Load.scala:1127)
[error] 	at sbt.internal.Load$.$anonfun$discoverProjects$4(Load.scala:1135)
[error] 	at scala.collection.immutable.List.map(List.scala:293)
[error] 	at sbt.internal.Load$.loadFiles$1(Load.scala:1135)
[error] 	at sbt.internal.Load$.discoverProjects(Load.scala:1149)
[error] 	at sbt.internal.Load$.discover$1(Load.scala:901)
[error] 	at sbt.internal.Load$.loadTransitive(Load.scala:955)
[error] 	at sbt.internal.Load$.loadProjects$1(Load.scala:738)
[error] 	at sbt.internal.Load$.$anonfun$loadUnit$12(Load.scala:741)
[error] 	at sbt.internal.Load$.timed(Load.scala:1406)
[error] 	at sbt.internal.Load$.$anonfun$loadUnit$1(Load.scala:741)
[error] 	at sbt.internal.Load$.timed(Load.scala:1406)
[error] 	at sbt.internal.Load$.loadUnit(Load.scala:694)
[error] 	at sbt.internal.Load$.$anonfun$builtinLoader$4(Load.scala:492)
[error] 	at sbt.internal.BuildLoader$.$anonfun$componentLoader$5(BuildLoader.scala:180)
[error] 	at sbt.internal.BuildLoader.apply(BuildLoader.scala:245)
[error] 	at sbt.internal.Load$.loadURI$1(Load.scala:554)
[error] 	at sbt.internal.Load$.loadAll(Load.scala:570)
[error] 	at sbt.internal.Load$.loadURI(Load.scala:500)
[error] 	at sbt.internal.Load$.load(Load.scala:479)
[error] 	at sbt.internal.Load$.$anonfun$apply$1(Load.scala:241)
[error] 	at sbt.internal.Load$.timed(Load.scala:1406)
[error] 	at sbt.internal.Load$.apply(Load.scala:241)
[error] 	at sbt.internal.Load$.buildPluginDefinition(Load.scala:1323)
[error] 	at sbt.internal.Load$.buildPlugins(Load.scala:1253)
[error] 	at sbt.internal.Load$.plugins(Load.scala:1232)
[error] 	at sbt.internal.Load$.$anonfun$loadUnit$2(Load.scala:700)
[error] 	at sbt.internal.Load$.timed(Load.scala:1406)
[error] 	at sbt.internal.Load$.$anonfun$loadUnit$1(Load.scala:700)
[error] 	at sbt.internal.Load$.timed(Load.scala:1406)
[error] 	at sbt.internal.Load$.loadUnit(Load.scala:694)
[error] 	at sbt.internal.Load$.$anonfun$builtinLoader$4(Load.scala:492)
[error] 	at sbt.internal.BuildLoader$.$anonfun$componentLoader$5(BuildLoader.scala:180)
[error] 	at sbt.internal.BuildLoader.apply(BuildLoader.scala:245)
[error] 	at sbt.internal.Load$.loadURI$1(Load.scala:554)
[error] 	at sbt.internal.Load$.loadAll(Load.scala:570)
[error] 	at sbt.internal.Load$.loadURI(Load.scala:500)
[error] 	at sbt.internal.Load$.load(Load.scala:479)
[error] 	at sbt.internal.Load$.$anonfun$apply$1(Load.scala:241)
[error] 	at sbt.internal.Load$.timed(Load.scala:1406)
[error] 	at sbt.internal.Load$.apply(Load.scala:241)
[error] 	at sbt.internal.Load$.defaultLoad(Load.scala:56)
[error] 	at sbt.BuiltinCommands$.liftedTree1$1(Main.scala:961)
[error] 	at sbt.BuiltinCommands$.doLoadProject(Main.scala:961)
[error] 	at sbt.BuiltinCommands$.$anonfun$loadProjectImpl$2(Main.scala:914)
[error] 	at sbt.Command$.$anonfun$applyEffect$4(Command.scala:150)
[error] 	at sbt.Command$.$anonfun$applyEffect$2(Command.scala:145)
[error] 	at sbt.Command$.process(Command.scala:189)
[error] 	at sbt.MainLoop$.$anonfun$processCommand$5(MainLoop.scala:245)
[error] 	at scala.Option.getOrElse(Option.scala:189)
[error] 	at sbt.MainLoop$.process$1(MainLoop.scala:245)
[error] 	at sbt.MainLoop$.processCommand(MainLoop.scala:278)
[error] 	at sbt.MainLoop$.$anonfun$next$5(MainLoop.scala:163)
[error] 	at sbt.State$StateOpsImpl$.runCmd$1(State.scala:289)
[error] 	at sbt.State$StateOpsImpl$.process$extension(State.scala:325)
[error] 	at sbt.MainLoop$.$anonfun$next$4(MainLoop.scala:163)
[error] 	at sbt.internal.util.ErrorHandling$.wideConvert(ErrorHandling.scala:23)
[error] 	at sbt.MainLoop$.next(MainLoop.scala:163)
[error] 	at sbt.MainLoop$.run(MainLoop.scala:144)
[error] 	at sbt.MainLoop$.$anonfun$runWithNewLog$1(MainLoop.scala:119)
[error] 	at sbt.io.Using.apply(Using.scala:27)
[error] 	at sbt.MainLoop$.runWithNewLog(MainLoop.scala:112)
[error] 	at sbt.MainLoop$.runAndClearLast(MainLoop.scala:66)
[error] 	at sbt.MainLoop$.runLoggedLoop(MainLoop.scala:51)
[error] 	at sbt.MainLoop$.runLogged(MainLoop.scala:42)
[error] 	at sbt.StandardMain$.runManaged(Main.scala:223)
[error] 	at sbt.xMain$.$anonfun$run$11(Main.scala:133)
[error] 	at scala.util.DynamicVariable.withValue(DynamicVariable.scala:62)
[error] 	at scala.Console$.withIn(Console.scala:230)
[error] 	at sbt.internal.util.Terminal$.withIn(Terminal.scala:578)
[error] 	at sbt.internal.util.Terminal$.$anonfun$withStreams$1(Terminal.scala:358)
[error] 	at scala.util.DynamicVariable.withValue(DynamicVariable.scala:62)
[error] 	at scala.Console$.withOut(Console.scala:167)
[error] 	at sbt.internal.util.Terminal$.$anonfun$withOut$2(Terminal.scala:568)
[error] 	at scala.util.DynamicVariable.withValue(DynamicVariable.scala:62)
[error] 	at scala.Console$.withErr(Console.scala:196)
[error] 	at sbt.internal.util.Terminal$.withOut(Terminal.scala:568)
[error] 	at sbt.internal.util.Terminal$.withStreams(Terminal.scala:358)
[error] 	at sbt.xMain$.withStreams$1(Main.scala:87)
[error] 	at sbt.xMain$.run(Main.scala:121)
[error] 	at java.base/jdk.internal.reflect.DirectMethodHandleAccessor.invoke(DirectMethodHandleAccessor.java:103)
[error] 	at java.base/java.lang.reflect.Method.invoke(Method.java:580)
[error] 	at sbt.internal.XMainConfiguration.run(XMainConfiguration.java:57)
[error] 	at sbt.xMain.run(Main.scala:46)
[error] 	at xsbt.boot.Launch$.$anonfun$run$1(Launch.scala:149)
[error] 	at xsbt.boot.Launch$.withContextLoader(Launch.scala:176)
[error] 	at xsbt.boot.Launch$.run(Launch.scala:149)
[error] 	at xsbt.boot.Launch$.$anonfun$apply$1(Launch.scala:44)
[error] 	at xsbt.boot.Launch$.launch(Launch.scala:159)
[error] 	at xsbt.boot.Launch$.apply(Launch.scala:44)
[error] 	at xsbt.boot.Launch$.apply(Launch.scala:21)
[error] 	at xsbt.boot.Boot$.runImpl(Boot.scala:78)
[error] 	at xsbt.boot.Boot$.run(Boot.scala:73)
[error] 	at xsbt.boot.Boot$.main(Boot.scala:21)
[error] 	at xsbt.boot.Boot.main(Boot.scala)
[error] Caused by: java.lang.ExceptionInInitializerError: Exception scala.reflect.internal.FatalError: 
[error]   bad constant pool index: 0 at pos: 48445
[error]      while compiling: <no file>
[error]         during phase: globalPhase=<no phase>, enteringPhase=<some phase>
[error]      library version: version 2.12.17
[error]     compiler version: version 2.12.17
[error]   reconstructed args: -classpath C:\Users\sohai\.sbt\boot\scala-2.12.17\lib\scala-library.jar -Yrangepos
[error] 
[error]   last tree to typer: EmptyTree
[error]        tree position: <unknown>
[error]             tree tpe: <notype>
[error]               symbol: null
[error]            call site: <none> in <none>
[error] 
[error] == Source file context for tree position ==
[error] 
[error]  [in thread "sbt-parser-init-thread"]
[error] 	at scala.reflect.internal.Reporting.abort(Reporting.scala:69)
[error] 	at scala.reflect.internal.Reporting.abort$(Reporting.scala:65)
[error] 	at scala.reflect.internal.SymbolTable.abort(SymbolTable.scala:28)
[error] 	at scala.tools.nsc.symtab.classfile.ClassfileParser$ConstantPool.errorBadIndex(ClassfileParser.scala:385)
[error] 	at scala.tools.nsc.symtab.classfile.ClassfileParser$ConstantPool.getExternalName(ClassfileParser.scala:249)
[error] 	at scala.tools.nsc.symtab.classfile.ClassfileParser.readParamNames$1(ClassfileParser.scala:828)
[error] 	at scala.tools.nsc.symtab.classfile.ClassfileParser.parseAttribute$1(ClassfileParser.scala:834)
[error] 	at scala.tools.nsc.symtab.classfile.ClassfileParser.$anonfun$parseAttributes$7(ClassfileParser.scala:908)
[error] 	at scala.tools.nsc.symtab.classfile.ClassfileParser.parseAttributes(ClassfileParser.scala:908)
[error] 	at scala.tools.nsc.symtab.classfile.ClassfileParser.parseMethod(ClassfileParser.scala:611)
[error] 	at scala.tools.nsc.symtab.classfile.ClassfileParser.$anonfun$parseClass$4(ClassfileParser.scala:534)
[error] 	at scala.tools.nsc.symtab.classfile.ClassfileParser.parseClass(ClassfileParser.scala:534)
[error] 	at scala.tools.nsc.symtab.classfile.ClassfileParser.$anonfun$parse$2(ClassfileParser.scala:160)
[error] 	at scala.tools.nsc.symtab.classfile.ClassfileParser.$anonfun$parse$1(ClassfileParser.scala:146)
[error] 	at scala.tools.nsc.symtab.classfile.ClassfileParser.parse(ClassfileParser.scala:129)
[error] 	at scala.tools.nsc.symtab.SymbolLoaders$ClassfileLoader.doComplete(SymbolLoaders.scala:343)
[error] 	at scala.tools.nsc.symtab.SymbolLoaders$SymbolLoader.complete(SymbolLoaders.scala:250)
[error] 	at scala.reflect.internal.Symbols$Symbol.completeInfo(Symbols.scala:1542)
[error] 	at scala.reflect.internal.Symbols$Symbol.info(Symbols.scala:1514)
[error] 	at scala.reflect.internal.Definitions.scala$reflect$internal$Definitions$$enterNewMethod(Definitions.scala:49)
[error] 	at scala.reflect.internal.Definitions$DefinitionsClass.String_$plus$lzycompute(Definitions.scala:1134)
[error] 	at scala.reflect.internal.Definitions$DefinitionsClass.String_$plus(Definitions.scala:1134)
[error] 	at scala.reflect.internal.Definitions$DefinitionsClass.syntheticCoreMethods$lzycompute(Definitions.scala:1438)
[error] 	at scala.reflect.internal.Definitions$DefinitionsClass.syntheticCoreMethods(Definitions.scala:1420)
[error] 	at scala.reflect.internal.Definitions$DefinitionsClass.symbolsNotPresentInBytecode$lzycompute(Definitions.scala:1450)
[error] 	at scala.reflect.internal.Definitions$DefinitionsClass.symbolsNotPresentInBytecode(Definitions.scala:1450)
[error] 	at scala.reflect.internal.Definitions$DefinitionsClass.init(Definitions.scala:1506)
[error] 	at scala.tools.nsc.Global$Run.<init>(Global.scala:1214)
[error] 	at sbt.internal.parser.SbtParser$.<init>(SbtParser.scala:141)
[error] 	at sbt.internal.parser.SbtParser$.<clinit>(SbtParser.scala)
[error] 	at sbt.internal.parser.SbtParserInit$$anon$2.run(SbtParser.scala:191)
[error] java.lang.NoClassDefFoundError: Could not initialize class sbt.internal.parser.SbtParser$
[error] Use 'last' for the full log.
[debug] > Exec(loadFailed, None, None)
[warn] Project loading failed: (r)etry, (q)uit, (l)ast, or (i)gnore? (default: r)
